fun -> -1
void -> -1
: -> -1
identifier -> (89, 0)
| -> -1
| -> -1
=> -> -1
{ -> -1
integer -> -1
: -> -1
identifier -> (6, 0)
; -> -1
integer -> -1
: -> -1
identifier -> (62, 0)
; -> -1
integer -> -1
: -> -1
identifier -> (59, 0)
; -> -1
// -> -1
in -> -1
identifier -> (6, 0)
; -> -1
integer -> -1
: -> -1
identifier -> (12, 0)
-> -> -1
identifier -> (6, 0)
; -> -1
if -> -1
| -> -1
identifier -> (62, 0)
> -> -1
identifier -> (12, 0)
| -> -1
{ -> -1
identifier -> (12, 0)
-> -> -1
identifier -> (62, 0)
; -> -1
} -> -1
if -> -1
| -> -1
identifier -> (59, 0)
> -> -1
identifier -> (12, 0)
| -> -1
{ -> -1
identifier -> (12, 0)
-> -> -1
identifier -> (59, 0)
; -> -1
} -> -1
out -> -1
identifier -> (12, 0)
; -> -1
} -> -1
